[2024-06-24T02:02:17.014+0000] {local_task_job_runner.py:120} INFO - ::group::Pre task execution logs
[2024-06-24T02:02:17.034+0000] {taskinstance.py:2076} INFO - Dependencies all met for dep_context=non-requeueable deps ti=<TaskInstance: postgres_operator_1.create_table manual__2024-06-24T02:02:15.519946+00:00 [queued]>
[2024-06-24T02:02:17.040+0000] {taskinstance.py:2076} INFO - Dependencies all met for dep_context=requeueable deps ti=<TaskInstance: postgres_operator_1.create_table manual__2024-06-24T02:02:15.519946+00:00 [queued]>
[2024-06-24T02:02:17.041+0000] {taskinstance.py:2306} INFO - Starting attempt 1 of 6
[2024-06-24T02:02:17.049+0000] {taskinstance.py:2330} INFO - Executing <Task(PostgresOperator): create_table> on 2024-06-24 02:02:15.519946+00:00
[2024-06-24T02:02:17.060+0000] {warnings.py:112} WARNING - /home/***/.local/lib/python3.12/site-packages/***/task/task_runner/standard_task_runner.py:61: DeprecationWarning: This process (pid=614) is multi-threaded, use of fork() may lead to deadlocks in the child.
  pid = os.fork()

[2024-06-24T02:02:17.062+0000] {standard_task_runner.py:90} INFO - Running: ['***', 'tasks', 'run', 'postgres_operator_1', 'create_table', 'manual__2024-06-24T02:02:15.519946+00:00', '--job-id', '20', '--raw', '--subdir', 'DAGS_FOLDER/dag_create_table.py', '--cfg-path', '/tmp/tmpqn2qneet']
[2024-06-24T02:02:17.063+0000] {standard_task_runner.py:63} INFO - Started process 615 to run task
[2024-06-24T02:02:17.064+0000] {standard_task_runner.py:91} INFO - Job 20: Subtask create_table
[2024-06-24T02:02:17.104+0000] {task_command.py:426} INFO - Running <TaskInstance: postgres_operator_1.create_table manual__2024-06-24T02:02:15.519946+00:00 [running]> on host 18d040e2d413
[2024-06-24T02:02:17.147+0000] {taskinstance.py:2648} INFO - Exporting env vars: AIRFLOW_CTX_DAG_OWNER='***' AIRFLOW_CTX_DAG_ID='postgres_operator_1' AIRFLOW_CTX_TASK_ID='create_table' AIRFLOW_CTX_EXECUTION_DATE='2024-06-24T02:02:15.519946+00:00' AIRFLOW_CTX_TRY_NUMBER='1' AIRFLOW_CTX_DAG_RUN_ID='manual__2024-06-24T02:02:15.519946+00:00'
[2024-06-24T02:02:17.148+0000] {taskinstance.py:430} INFO - ::endgroup::
[2024-06-24T02:02:17.158+0000] {sql.py:276} INFO - Executing: 
        create table if not exists ***(
            department_name varchar,
            sensor_serial varchar,
            create_at timestamp,
            product_name varchar,
            product_expire timestamp,
            rec integer
        )
    
[2024-06-24T02:02:17.165+0000] {base.py:84} INFO - Using connection ID 'postgres_localhost' for task execution.
[2024-06-24T02:02:17.178+0000] {base.py:84} INFO - Using connection ID 'postgres_localhost' for task execution.
[2024-06-24T02:02:17.186+0000] {sql.py:487} INFO - Running statement: 
        create table if not exists ***(
            department_name varchar,
            sensor_serial varchar,
            create_at timestamp,
            product_name varchar,
            product_expire timestamp,
            rec integer
        )
    , parameters: None
[2024-06-24T02:02:17.195+0000] {taskinstance.py:441} INFO - ::group::Post task execution logs
[2024-06-24T02:02:17.202+0000] {taskinstance.py:1206} INFO - Marking task as SUCCESS. dag_id=postgres_operator_1, task_id=create_table, run_id=manual__2024-06-24T02:02:15.519946+00:00, execution_date=20240624T020215, start_date=20240624T020217, end_date=20240624T020217
[2024-06-24T02:02:17.248+0000] {local_task_job_runner.py:240} INFO - Task exited with return code 0
[2024-06-24T02:02:17.259+0000] {taskinstance.py:3503} INFO - 0 downstream tasks scheduled from follow-on schedule check
[2024-06-24T02:02:17.261+0000] {local_task_job_runner.py:222} INFO - ::endgroup::
