[2024-06-24T03:03:01.960+0000] {local_task_job_runner.py:120} INFO - ::group::Pre task execution logs
[2024-06-24T03:03:01.982+0000] {taskinstance.py:2076} INFO - Dependencies all met for dep_context=non-requeueable deps ti=<TaskInstance: postgres_operator_1.create_table manual__2024-06-24T03:03:00.483445+00:00 [queued]>
[2024-06-24T03:03:01.989+0000] {taskinstance.py:2076} INFO - Dependencies all met for dep_context=requeueable deps ti=<TaskInstance: postgres_operator_1.create_table manual__2024-06-24T03:03:00.483445+00:00 [queued]>
[2024-06-24T03:03:01.991+0000] {taskinstance.py:2306} INFO - Starting attempt 1 of 6
[2024-06-24T03:03:01.999+0000] {taskinstance.py:2330} INFO - Executing <Task(PostgresOperator): create_table> on 2024-06-24 03:03:00.483445+00:00
[2024-06-24T03:03:02.008+0000] {warnings.py:112} WARNING - /home/***/.local/lib/python3.12/site-packages/***/task/task_runner/standard_task_runner.py:61: DeprecationWarning: This process (pid=2966) is multi-threaded, use of fork() may lead to deadlocks in the child.
  pid = os.fork()

[2024-06-24T03:03:02.009+0000] {standard_task_runner.py:90} INFO - Running: ['***', 'tasks', 'run', 'postgres_operator_1', 'create_table', 'manual__2024-06-24T03:03:00.483445+00:00', '--job-id', '46', '--raw', '--subdir', 'DAGS_FOLDER/dag_create_table.py', '--cfg-path', '/tmp/tmpo_fpx98b']
[2024-06-24T03:03:02.011+0000] {standard_task_runner.py:63} INFO - Started process 2967 to run task
[2024-06-24T03:03:02.012+0000] {standard_task_runner.py:91} INFO - Job 46: Subtask create_table
[2024-06-24T03:03:02.059+0000] {task_command.py:426} INFO - Running <TaskInstance: postgres_operator_1.create_table manual__2024-06-24T03:03:00.483445+00:00 [running]> on host 18d040e2d413
[2024-06-24T03:03:02.128+0000] {taskinstance.py:2648} INFO - Exporting env vars: AIRFLOW_CTX_DAG_OWNER='***' AIRFLOW_CTX_DAG_ID='postgres_operator_1' AIRFLOW_CTX_TASK_ID='create_table' AIRFLOW_CTX_EXECUTION_DATE='2024-06-24T03:03:00.483445+00:00' AIRFLOW_CTX_TRY_NUMBER='1' AIRFLOW_CTX_DAG_RUN_ID='manual__2024-06-24T03:03:00.483445+00:00'
[2024-06-24T03:03:02.130+0000] {taskinstance.py:430} INFO - ::endgroup::
[2024-06-24T03:03:02.144+0000] {sql.py:276} INFO - Executing: 
        create table if not exists ***(
            department_name varchar,
            sensor_serial varchar,
            create_at timestamp,
            product_name varchar,
            product_expire timestamp,
            rec integer
        )
    
[2024-06-24T03:03:02.158+0000] {base.py:84} INFO - Using connection ID 'postgres_localhost' for task execution.
[2024-06-24T03:03:02.173+0000] {base.py:84} INFO - Using connection ID 'postgres_localhost' for task execution.
[2024-06-24T03:03:02.195+0000] {sql.py:487} INFO - Running statement: 
        create table if not exists ***(
            department_name varchar,
            sensor_serial varchar,
            create_at timestamp,
            product_name varchar,
            product_expire timestamp,
            rec integer
        )
    , parameters: None
[2024-06-24T03:03:02.216+0000] {taskinstance.py:441} INFO - ::group::Post task execution logs
[2024-06-24T03:03:02.228+0000] {taskinstance.py:1206} INFO - Marking task as SUCCESS. dag_id=postgres_operator_1, task_id=create_table, run_id=manual__2024-06-24T03:03:00.483445+00:00, execution_date=20240624T030300, start_date=20240624T030301, end_date=20240624T030302
[2024-06-24T03:03:02.287+0000] {local_task_job_runner.py:240} INFO - Task exited with return code 0
[2024-06-24T03:03:02.303+0000] {taskinstance.py:3503} INFO - 0 downstream tasks scheduled from follow-on schedule check
[2024-06-24T03:03:02.306+0000] {local_task_job_runner.py:222} INFO - ::endgroup::
