[2024-06-24T03:46:34.991+0000] {local_task_job_runner.py:120} INFO - ::group::Pre task execution logs
[2024-06-24T03:46:35.010+0000] {taskinstance.py:2076} INFO - Dependencies all met for dep_context=non-requeueable deps ti=<TaskInstance: postgres_operator_2.load_parquet_to_postgres manual__2024-06-24T03:46:31.813805+00:00 [queued]>
[2024-06-24T03:46:35.017+0000] {taskinstance.py:2076} INFO - Dependencies all met for dep_context=requeueable deps ti=<TaskInstance: postgres_operator_2.load_parquet_to_postgres manual__2024-06-24T03:46:31.813805+00:00 [queued]>
[2024-06-24T03:46:35.018+0000] {taskinstance.py:2306} INFO - Starting attempt 1 of 6
[2024-06-24T03:46:35.027+0000] {taskinstance.py:2330} INFO - Executing <Task(PythonOperator): load_parquet_to_postgres> on 2024-06-24 03:46:31.813805+00:00
[2024-06-24T03:46:35.033+0000] {warnings.py:112} WARNING - /home/***/.local/lib/python3.12/site-packages/***/task/task_runner/standard_task_runner.py:61: DeprecationWarning: This process (pid=4366) is multi-threaded, use of fork() may lead to deadlocks in the child.
  pid = os.fork()

[2024-06-24T03:46:35.035+0000] {standard_task_runner.py:63} INFO - Started process 4368 to run task
[2024-06-24T03:46:35.035+0000] {standard_task_runner.py:90} INFO - Running: ['***', 'tasks', 'run', 'postgres_operator_2', 'load_parquet_to_postgres', 'manual__2024-06-24T03:46:31.813805+00:00', '--job-id', '51', '--raw', '--subdir', 'DAGS_FOLDER/dag.py', '--cfg-path', '/tmp/tmp7jhsui6u']
[2024-06-24T03:46:35.038+0000] {standard_task_runner.py:91} INFO - Job 51: Subtask load_parquet_to_postgres
[2024-06-24T03:46:35.073+0000] {task_command.py:426} INFO - Running <TaskInstance: postgres_operator_2.load_parquet_to_postgres manual__2024-06-24T03:46:31.813805+00:00 [running]> on host 18d040e2d413
[2024-06-24T03:46:35.122+0000] {taskinstance.py:2648} INFO - Exporting env vars: AIRFLOW_CTX_DAG_OWNER='***' AIRFLOW_CTX_DAG_ID='postgres_operator_2' AIRFLOW_CTX_TASK_ID='load_parquet_to_postgres' AIRFLOW_CTX_EXECUTION_DATE='2024-06-24T03:46:31.813805+00:00' AIRFLOW_CTX_TRY_NUMBER='1' AIRFLOW_CTX_DAG_RUN_ID='manual__2024-06-24T03:46:31.813805+00:00'
[2024-06-24T03:46:35.124+0000] {taskinstance.py:430} INFO - ::endgroup::
[2024-06-24T03:46:36.656+0000] {base.py:84} INFO - Using connection ID 'postgres_localhost' for task execution.
[2024-06-24T03:46:36.658+0000] {base.py:84} INFO - Using connection ID 'postgres_localhost' for task execution.
[2024-06-24T03:46:36.659+0000] {base.py:84} INFO - Using connection ID 'postgres_localhost' for task execution.
[2024-06-24T03:46:36.659+0000] {base.py:84} INFO - Using connection ID 'postgres_localhost' for task execution.
[2024-06-24T03:46:36.660+0000] {base.py:84} INFO - Using connection ID 'postgres_localhost' for task execution.
[2024-06-24T03:46:36.662+0000] {base.py:84} INFO - Using connection ID 'postgres_localhost' for task execution.
[2024-06-24T03:46:36.667+0000] {base.py:84} INFO - Using connection ID 'postgres_localhost' for task execution.
[2024-06-24T03:46:36.670+0000] {base.py:84} INFO - Using connection ID 'postgres_localhost' for task execution.
[2024-06-24T03:46:36.684+0000] {base.py:84} INFO - Using connection ID 'postgres_localhost' for task execution.
[2024-06-24T03:46:36.694+0000] {base.py:84} INFO - Using connection ID 'postgres_localhost' for task execution.
[2024-06-24T03:46:36.697+0000] {base.py:84} INFO - Using connection ID 'postgres_localhost' for task execution.
[2024-06-24T03:46:36.699+0000] {base.py:84} INFO - Using connection ID 'postgres_localhost' for task execution.
[2024-06-24T03:46:36.699+0000] {base.py:84} INFO - Using connection ID 'postgres_localhost' for task execution.
[2024-06-24T03:46:36.700+0000] {base.py:84} INFO - Using connection ID 'postgres_localhost' for task execution.
[2024-06-24T03:46:36.702+0000] {base.py:84} INFO - Using connection ID 'postgres_localhost' for task execution.
[2024-06-24T03:46:36.717+0000] {base.py:84} INFO - Using connection ID 'postgres_localhost' for task execution.
[2024-06-24T04:07:16.086+0000] {base.py:84} INFO - Using connection ID 'postgres_localhost' for task execution.
[2024-06-24T04:07:19.544+0000] {base.py:84} INFO - Using connection ID 'postgres_localhost' for task execution.
[2024-06-24T04:07:23.299+0000] {base.py:84} INFO - Using connection ID 'postgres_localhost' for task execution.
[2024-06-24T04:07:25.599+0000] {base.py:84} INFO - Using connection ID 'postgres_localhost' for task execution.
[2024-06-24T04:07:29.240+0000] {base.py:84} INFO - Using connection ID 'postgres_localhost' for task execution.
[2024-06-24T04:07:30.213+0000] {base.py:84} INFO - Using connection ID 'postgres_localhost' for task execution.
[2024-06-24T04:07:30.438+0000] {base.py:84} INFO - Using connection ID 'postgres_localhost' for task execution.
[2024-06-24T04:07:31.178+0000] {base.py:84} INFO - Using connection ID 'postgres_localhost' for task execution.
[2024-06-24T04:07:36.352+0000] {base.py:84} INFO - Using connection ID 'postgres_localhost' for task execution.
[2024-06-24T04:07:36.627+0000] {base.py:84} INFO - Using connection ID 'postgres_localhost' for task execution.
[2024-06-24T04:07:38.708+0000] {base.py:84} INFO - Using connection ID 'postgres_localhost' for task execution.
[2024-06-24T04:07:40.395+0000] {base.py:84} INFO - Using connection ID 'postgres_localhost' for task execution.
[2024-06-24T04:07:41.747+0000] {base.py:84} INFO - Using connection ID 'postgres_localhost' for task execution.
[2024-06-24T04:24:39.224+0000] {python.py:237} INFO - Done. Returned value was: None
[2024-06-24T04:24:39.229+0000] {taskinstance.py:441} INFO - ::group::Post task execution logs
[2024-06-24T04:24:39.245+0000] {taskinstance.py:1206} INFO - Marking task as SUCCESS. dag_id=postgres_operator_2, task_id=load_parquet_to_postgres, run_id=manual__2024-06-24T03:46:31.813805+00:00, execution_date=20240624T034631, start_date=20240624T034635, end_date=20240624T042439
[2024-06-24T04:24:39.348+0000] {local_task_job_runner.py:240} INFO - Task exited with return code 0
[2024-06-24T04:24:39.454+0000] {taskinstance.py:3503} INFO - 1 downstream tasks scheduled from follow-on schedule check
[2024-06-24T04:24:39.458+0000] {local_task_job_runner.py:222} INFO - ::endgroup::
