[2024-06-24T02:22:30.514+0000] {local_task_job_runner.py:120} INFO - ::group::Pre task execution logs
[2024-06-24T02:22:30.534+0000] {taskinstance.py:2076} INFO - Dependencies all met for dep_context=non-requeueable deps ti=<TaskInstance: postgres_operator_2.load_parquet_to_postgres manual__2024-06-24T02:22:27.472633+00:00 [queued]>
[2024-06-24T02:22:30.543+0000] {taskinstance.py:2076} INFO - Dependencies all met for dep_context=requeueable deps ti=<TaskInstance: postgres_operator_2.load_parquet_to_postgres manual__2024-06-24T02:22:27.472633+00:00 [queued]>
[2024-06-24T02:22:30.544+0000] {taskinstance.py:2306} INFO - Starting attempt 1 of 6
[2024-06-24T02:22:30.558+0000] {taskinstance.py:2330} INFO - Executing <Task(PythonOperator): load_parquet_to_postgres> on 2024-06-24 02:22:27.472633+00:00
[2024-06-24T02:22:30.569+0000] {warnings.py:112} WARNING - /home/***/.local/lib/python3.12/site-packages/***/task/task_runner/standard_task_runner.py:61: DeprecationWarning: This process (pid=1614) is multi-threaded, use of fork() may lead to deadlocks in the child.
  pid = os.fork()

[2024-06-24T02:22:30.572+0000] {standard_task_runner.py:63} INFO - Started process 1616 to run task
[2024-06-24T02:22:30.571+0000] {standard_task_runner.py:90} INFO - Running: ['***', 'tasks', 'run', 'postgres_operator_2', 'load_parquet_to_postgres', 'manual__2024-06-24T02:22:27.472633+00:00', '--job-id', '42', '--raw', '--subdir', 'DAGS_FOLDER/dag.py', '--cfg-path', '/tmp/tmpn5sdwi87']
[2024-06-24T02:22:30.575+0000] {standard_task_runner.py:91} INFO - Job 42: Subtask load_parquet_to_postgres
[2024-06-24T02:22:30.650+0000] {task_command.py:426} INFO - Running <TaskInstance: postgres_operator_2.load_parquet_to_postgres manual__2024-06-24T02:22:27.472633+00:00 [running]> on host 18d040e2d413
[2024-06-24T02:22:30.722+0000] {taskinstance.py:2648} INFO - Exporting env vars: AIRFLOW_CTX_DAG_OWNER='***' AIRFLOW_CTX_DAG_ID='postgres_operator_2' AIRFLOW_CTX_TASK_ID='load_parquet_to_postgres' AIRFLOW_CTX_EXECUTION_DATE='2024-06-24T02:22:27.472633+00:00' AIRFLOW_CTX_TRY_NUMBER='1' AIRFLOW_CTX_DAG_RUN_ID='manual__2024-06-24T02:22:27.472633+00:00'
[2024-06-24T02:22:30.725+0000] {taskinstance.py:430} INFO - ::endgroup::
[2024-06-24T02:22:30.779+0000] {base.py:84} INFO - Using connection ID 'postgres_localhost' for task execution.
[2024-06-24T02:22:30.780+0000] {base.py:84} INFO - Using connection ID 'postgres_localhost' for task execution.
[2024-06-24T02:22:30.783+0000] {base.py:84} INFO - Using connection ID 'postgres_localhost' for task execution.
[2024-06-24T02:22:30.784+0000] {base.py:84} INFO - Using connection ID 'postgres_localhost' for task execution.
[2024-06-24T02:22:30.789+0000] {base.py:84} INFO - Using connection ID 'postgres_localhost' for task execution.
[2024-06-24T02:22:30.795+0000] {base.py:84} INFO - Using connection ID 'postgres_localhost' for task execution.
[2024-06-24T02:22:30.815+0000] {base.py:84} INFO - Using connection ID 'postgres_localhost' for task execution.
[2024-06-24T02:22:30.816+0000] {base.py:84} INFO - Using connection ID 'postgres_localhost' for task execution.
[2024-06-24T02:22:30.829+0000] {base.py:84} INFO - Using connection ID 'postgres_localhost' for task execution.
[2024-06-24T02:22:30.832+0000] {base.py:84} INFO - Using connection ID 'postgres_localhost' for task execution.
[2024-06-24T02:22:30.842+0000] {base.py:84} INFO - Using connection ID 'postgres_localhost' for task execution.
[2024-06-24T02:22:30.849+0000] {base.py:84} INFO - Using connection ID 'postgres_localhost' for task execution.
[2024-06-24T02:22:30.860+0000] {base.py:84} INFO - Using connection ID 'postgres_localhost' for task execution.
[2024-06-24T02:22:30.865+0000] {base.py:84} INFO - Using connection ID 'postgres_localhost' for task execution.
[2024-06-24T02:22:30.868+0000] {base.py:84} INFO - Using connection ID 'postgres_localhost' for task execution.
[2024-06-24T02:22:30.874+0000] {base.py:84} INFO - Using connection ID 'postgres_localhost' for task execution.
[2024-06-24T02:22:30.868+0000] {base.py:84} INFO - Using connection ID 'postgres_localhost' for task execution.
[2024-06-24T02:22:30.879+0000] {base.py:84} INFO - Using connection ID 'postgres_localhost' for task execution.
[2024-06-24T02:22:30.885+0000] {base.py:84} INFO - Using connection ID 'postgres_localhost' for task execution.
[2024-06-24T02:22:30.887+0000] {base.py:84} INFO - Using connection ID 'postgres_localhost' for task execution.
[2024-06-24T02:22:30.888+0000] {base.py:84} INFO - Using connection ID 'postgres_localhost' for task execution.
[2024-06-24T02:22:30.889+0000] {base.py:84} INFO - Using connection ID 'postgres_localhost' for task execution.
[2024-06-24T02:22:30.891+0000] {base.py:84} INFO - Using connection ID 'postgres_localhost' for task execution.
[2024-06-24T02:22:30.896+0000] {base.py:84} INFO - Using connection ID 'postgres_localhost' for task execution.
[2024-06-24T02:22:30.899+0000] {base.py:84} INFO - Using connection ID 'postgres_localhost' for task execution.
[2024-06-24T02:22:30.907+0000] {base.py:84} INFO - Using connection ID 'postgres_localhost' for task execution.
[2024-06-24T02:22:30.910+0000] {base.py:84} INFO - Using connection ID 'postgres_localhost' for task execution.
[2024-06-24T02:22:30.910+0000] {base.py:84} INFO - Using connection ID 'postgres_localhost' for task execution.
[2024-06-24T02:22:30.910+0000] {base.py:84} INFO - Using connection ID 'postgres_localhost' for task execution.
[2024-06-24T02:22:30.923+0000] {base.py:84} INFO - Using connection ID 'postgres_localhost' for task execution.
[2024-06-24T02:22:30.926+0000] {base.py:84} INFO - Using connection ID 'postgres_localhost' for task execution.
[2024-06-24T02:22:30.941+0000] {base.py:84} INFO - Using connection ID 'postgres_localhost' for task execution.
[2024-06-24T02:22:30.993+0000] {base.py:84} INFO - Using connection ID 'postgres_localhost' for task execution.
[2024-06-24T02:22:30.996+0000] {base.py:84} INFO - Using connection ID 'postgres_localhost' for task execution.
[2024-06-24T02:22:31.011+0000] {base.py:84} INFO - Using connection ID 'postgres_localhost' for task execution.
[2024-06-24T02:22:31.102+0000] {base.py:84} INFO - Using connection ID 'postgres_localhost' for task execution.
[2024-06-24T02:22:31.026+0000] {base.py:84} INFO - Using connection ID 'postgres_localhost' for task execution.
[2024-06-24T02:22:31.031+0000] {base.py:84} INFO - Using connection ID 'postgres_localhost' for task execution.
[2024-06-24T02:22:31.095+0000] {base.py:84} INFO - Using connection ID 'postgres_localhost' for task execution.
[2024-06-24T02:22:31.011+0000] {base.py:84} INFO - Using connection ID 'postgres_localhost' for task execution.
[2024-06-24T02:22:31.103+0000] {base.py:84} INFO - Using connection ID 'postgres_localhost' for task execution.
[2024-06-24T02:22:31.109+0000] {base.py:84} INFO - Using connection ID 'postgres_localhost' for task execution.
[2024-06-24T02:22:31.117+0000] {base.py:84} INFO - Using connection ID 'postgres_localhost' for task execution.
[2024-06-24T02:22:31.117+0000] {base.py:84} INFO - Using connection ID 'postgres_localhost' for task execution.
[2024-06-24T02:22:31.194+0000] {python.py:237} INFO - Done. Returned value was: None
[2024-06-24T02:22:31.196+0000] {taskinstance.py:441} INFO - ::group::Post task execution logs
[2024-06-24T02:22:31.202+0000] {taskinstance.py:1206} INFO - Marking task as SUCCESS. dag_id=postgres_operator_2, task_id=load_parquet_to_postgres, run_id=manual__2024-06-24T02:22:27.472633+00:00, execution_date=20240624T022227, start_date=20240624T022230, end_date=20240624T022231
[2024-06-24T02:22:31.257+0000] {local_task_job_runner.py:240} INFO - Task exited with return code 0
[2024-06-24T02:22:31.276+0000] {taskinstance.py:3503} INFO - 1 downstream tasks scheduled from follow-on schedule check
[2024-06-24T02:22:31.279+0000] {local_task_job_runner.py:222} INFO - ::endgroup::
