[2024-06-24T01:58:02.535+0000] {local_task_job_runner.py:120} INFO - ::group::Pre task execution logs
[2024-06-24T01:58:02.548+0000] {taskinstance.py:2076} INFO - Dependencies all met for dep_context=non-requeueable deps ti=<TaskInstance: postgres_operator_2.load_parquet_to_postgres scheduled__2024-06-24T01:57:00+00:00 [queued]>
[2024-06-24T01:58:02.554+0000] {taskinstance.py:2076} INFO - Dependencies all met for dep_context=requeueable deps ti=<TaskInstance: postgres_operator_2.load_parquet_to_postgres scheduled__2024-06-24T01:57:00+00:00 [queued]>
[2024-06-24T01:58:02.555+0000] {taskinstance.py:2306} INFO - Starting attempt 1 of 6
[2024-06-24T01:58:02.563+0000] {taskinstance.py:2330} INFO - Executing <Task(PythonOperator): load_parquet_to_postgres> on 2024-06-24 01:57:00+00:00
[2024-06-24T01:58:02.572+0000] {warnings.py:112} WARNING - /home/***/.local/lib/python3.12/site-packages/***/task/task_runner/standard_task_runner.py:61: DeprecationWarning: This process (pid=430) is multi-threaded, use of fork() may lead to deadlocks in the child.
  pid = os.fork()

[2024-06-24T01:58:02.575+0000] {standard_task_runner.py:63} INFO - Started process 432 to run task
[2024-06-24T01:58:02.574+0000] {standard_task_runner.py:90} INFO - Running: ['***', 'tasks', 'run', 'postgres_operator_2', 'load_parquet_to_postgres', 'scheduled__2024-06-24T01:57:00+00:00', '--job-id', '14', '--raw', '--subdir', 'DAGS_FOLDER/dag.py', '--cfg-path', '/tmp/tmp87f3fohh']
[2024-06-24T01:58:02.578+0000] {standard_task_runner.py:91} INFO - Job 14: Subtask load_parquet_to_postgres
[2024-06-24T01:58:02.613+0000] {task_command.py:426} INFO - Running <TaskInstance: postgres_operator_2.load_parquet_to_postgres scheduled__2024-06-24T01:57:00+00:00 [running]> on host 18d040e2d413
[2024-06-24T01:58:02.666+0000] {taskinstance.py:2648} INFO - Exporting env vars: AIRFLOW_CTX_DAG_OWNER='***' AIRFLOW_CTX_DAG_ID='postgres_operator_2' AIRFLOW_CTX_TASK_ID='load_parquet_to_postgres' AIRFLOW_CTX_EXECUTION_DATE='2024-06-24T01:57:00+00:00' AIRFLOW_CTX_TRY_NUMBER='1' AIRFLOW_CTX_DAG_RUN_ID='scheduled__2024-06-24T01:57:00+00:00'
[2024-06-24T01:58:02.669+0000] {taskinstance.py:430} INFO - ::endgroup::
[2024-06-24T01:58:02.698+0000] {base.py:84} INFO - Using connection ID 'postgres_localhost' for task execution.
[2024-06-24T01:58:02.702+0000] {base.py:84} INFO - Using connection ID 'postgres_localhost' for task execution.
[2024-06-24T01:58:02.706+0000] {base.py:84} INFO - Using connection ID 'postgres_localhost' for task execution.
[2024-06-24T01:58:02.706+0000] {base.py:84} INFO - Using connection ID 'postgres_localhost' for task execution.
[2024-06-24T01:58:02.706+0000] {base.py:84} INFO - Using connection ID 'postgres_localhost' for task execution.
[2024-06-24T01:58:02.707+0000] {base.py:84} INFO - Using connection ID 'postgres_localhost' for task execution.
[2024-06-24T01:58:02.708+0000] {base.py:84} INFO - Using connection ID 'postgres_localhost' for task execution.
[2024-06-24T01:58:02.708+0000] {base.py:84} INFO - Using connection ID 'postgres_localhost' for task execution.
[2024-06-24T01:58:02.719+0000] {base.py:84} INFO - Using connection ID 'postgres_localhost' for task execution.
[2024-06-24T01:58:02.720+0000] {base.py:84} INFO - Using connection ID 'postgres_localhost' for task execution.
[2024-06-24T01:58:02.720+0000] {base.py:84} INFO - Using connection ID 'postgres_localhost' for task execution.
[2024-06-24T01:58:02.721+0000] {base.py:84} INFO - Using connection ID 'postgres_localhost' for task execution.
[2024-06-24T01:58:02.722+0000] {base.py:84} INFO - Using connection ID 'postgres_localhost' for task execution.
[2024-06-24T01:58:02.723+0000] {base.py:84} INFO - Using connection ID 'postgres_localhost' for task execution.
[2024-06-24T01:58:02.723+0000] {base.py:84} INFO - Using connection ID 'postgres_localhost' for task execution.
[2024-06-24T01:58:02.725+0000] {base.py:84} INFO - Using connection ID 'postgres_localhost' for task execution.
[2024-06-24T01:58:02.725+0000] {base.py:84} INFO - Using connection ID 'postgres_localhost' for task execution.
[2024-06-24T01:58:02.732+0000] {base.py:84} INFO - Using connection ID 'postgres_localhost' for task execution.
[2024-06-24T01:58:02.735+0000] {base.py:84} INFO - Using connection ID 'postgres_localhost' for task execution.
[2024-06-24T01:58:02.735+0000] {base.py:84} INFO - Using connection ID 'postgres_localhost' for task execution.
[2024-06-24T01:58:02.740+0000] {base.py:84} INFO - Using connection ID 'postgres_localhost' for task execution.
[2024-06-24T01:58:02.743+0000] {base.py:84} INFO - Using connection ID 'postgres_localhost' for task execution.
[2024-06-24T01:58:02.746+0000] {base.py:84} INFO - Using connection ID 'postgres_localhost' for task execution.
[2024-06-24T01:58:02.751+0000] {base.py:84} INFO - Using connection ID 'postgres_localhost' for task execution.
[2024-06-24T01:58:02.755+0000] {base.py:84} INFO - Using connection ID 'postgres_localhost' for task execution.
[2024-06-24T01:58:02.757+0000] {base.py:84} INFO - Using connection ID 'postgres_localhost' for task execution.
[2024-06-24T01:58:02.760+0000] {base.py:84} INFO - Using connection ID 'postgres_localhost' for task execution.
[2024-06-24T01:58:02.762+0000] {base.py:84} INFO - Using connection ID 'postgres_localhost' for task execution.
[2024-06-24T01:58:02.767+0000] {base.py:84} INFO - Using connection ID 'postgres_localhost' for task execution.
[2024-06-24T01:58:02.769+0000] {base.py:84} INFO - Using connection ID 'postgres_localhost' for task execution.
[2024-06-24T01:58:02.771+0000] {base.py:84} INFO - Using connection ID 'postgres_localhost' for task execution.
[2024-06-24T01:58:02.774+0000] {base.py:84} INFO - Using connection ID 'postgres_localhost' for task execution.
[2024-06-24T01:58:02.774+0000] {base.py:84} INFO - Using connection ID 'postgres_localhost' for task execution.
[2024-06-24T01:58:02.780+0000] {base.py:84} INFO - Using connection ID 'postgres_localhost' for task execution.
[2024-06-24T01:58:02.781+0000] {base.py:84} INFO - Using connection ID 'postgres_localhost' for task execution.
[2024-06-24T01:58:02.783+0000] {base.py:84} INFO - Using connection ID 'postgres_localhost' for task execution.
[2024-06-24T01:58:02.785+0000] {base.py:84} INFO - Using connection ID 'postgres_localhost' for task execution.
[2024-06-24T01:58:02.789+0000] {base.py:84} INFO - Using connection ID 'postgres_localhost' for task execution.
[2024-06-24T01:58:02.792+0000] {base.py:84} INFO - Using connection ID 'postgres_localhost' for task execution.
[2024-06-24T01:58:02.792+0000] {base.py:84} INFO - Using connection ID 'postgres_localhost' for task execution.
[2024-06-24T01:58:02.794+0000] {base.py:84} INFO - Using connection ID 'postgres_localhost' for task execution.
[2024-06-24T01:58:02.797+0000] {base.py:84} INFO - Using connection ID 'postgres_localhost' for task execution.
[2024-06-24T01:58:02.799+0000] {base.py:84} INFO - Using connection ID 'postgres_localhost' for task execution.
[2024-06-24T01:58:02.801+0000] {base.py:84} INFO - Using connection ID 'postgres_localhost' for task execution.
[2024-06-24T01:58:02.817+0000] {python.py:237} INFO - Done. Returned value was: None
[2024-06-24T01:58:02.818+0000] {taskinstance.py:441} INFO - ::group::Post task execution logs
[2024-06-24T01:58:02.824+0000] {taskinstance.py:1206} INFO - Marking task as SUCCESS. dag_id=postgres_operator_2, task_id=load_parquet_to_postgres, run_id=scheduled__2024-06-24T01:57:00+00:00, execution_date=20240624T015700, start_date=20240624T015802, end_date=20240624T015802
[2024-06-24T01:58:02.839+0000] {local_task_job_runner.py:240} INFO - Task exited with return code 0
[2024-06-24T01:58:02.852+0000] {taskinstance.py:3503} INFO - 1 downstream tasks scheduled from follow-on schedule check
[2024-06-24T01:58:02.854+0000] {local_task_job_runner.py:222} INFO - ::endgroup::
