[2024-06-24T01:58:28.297+0000] {local_task_job_runner.py:120} INFO - ::group::Pre task execution logs
[2024-06-24T01:58:28.319+0000] {taskinstance.py:2076} INFO - Dependencies all met for dep_context=non-requeueable deps ti=<TaskInstance: postgres_operator_1.create_table manual__2024-06-24T01:54:45.040378+00:00 [queued]>
[2024-06-24T01:58:28.328+0000] {taskinstance.py:2076} INFO - Dependencies all met for dep_context=requeueable deps ti=<TaskInstance: postgres_operator_1.create_table manual__2024-06-24T01:54:45.040378+00:00 [queued]>
[2024-06-24T01:58:28.330+0000] {taskinstance.py:2306} INFO - Starting attempt 4 of 6
[2024-06-24T01:58:28.341+0000] {taskinstance.py:2330} INFO - Executing <Task(PostgresOperator): create_table> on 2024-06-24 01:54:45.040378+00:00
[2024-06-24T01:58:28.347+0000] {warnings.py:112} WARNING - /home/***/.local/lib/python3.12/site-packages/***/task/task_runner/standard_task_runner.py:61: DeprecationWarning: This process (pid=474) is multi-threaded, use of fork() may lead to deadlocks in the child.
  pid = os.fork()

[2024-06-24T01:58:28.349+0000] {standard_task_runner.py:90} INFO - Running: ['***', 'tasks', 'run', 'postgres_operator_1', 'create_table', 'manual__2024-06-24T01:54:45.040378+00:00', '--job-id', '17', '--raw', '--subdir', 'DAGS_FOLDER/dag_create_table.py', '--cfg-path', '/tmp/tmp3dam32fc']
[2024-06-24T01:58:28.351+0000] {standard_task_runner.py:63} INFO - Started process 475 to run task
[2024-06-24T01:58:28.352+0000] {standard_task_runner.py:91} INFO - Job 17: Subtask create_table
[2024-06-24T01:58:28.417+0000] {task_command.py:426} INFO - Running <TaskInstance: postgres_operator_1.create_table manual__2024-06-24T01:54:45.040378+00:00 [running]> on host 18d040e2d413
[2024-06-24T01:58:28.486+0000] {taskinstance.py:2648} INFO - Exporting env vars: AIRFLOW_CTX_DAG_OWNER='***' AIRFLOW_CTX_DAG_ID='postgres_operator_1' AIRFLOW_CTX_TASK_ID='create_table' AIRFLOW_CTX_EXECUTION_DATE='2024-06-24T01:54:45.040378+00:00' AIRFLOW_CTX_TRY_NUMBER='4' AIRFLOW_CTX_DAG_RUN_ID='manual__2024-06-24T01:54:45.040378+00:00'
[2024-06-24T01:58:28.489+0000] {taskinstance.py:430} INFO - ::endgroup::
[2024-06-24T01:58:28.506+0000] {sql.py:276} INFO - Executing: 
        create table if not exists ***(
            department_name varchar,
            sensor_serial varchar,
            create_at timestamp,
            product_name varchar,
            product_expire timestamp,
        )
    
[2024-06-24T01:58:28.516+0000] {base.py:84} INFO - Using connection ID 'postgres_localhost' for task execution.
[2024-06-24T01:58:28.526+0000] {base.py:84} INFO - Using connection ID 'postgres_localhost' for task execution.
[2024-06-24T01:58:28.542+0000] {sql.py:487} INFO - Running statement: 
        create table if not exists ***(
            department_name varchar,
            sensor_serial varchar,
            create_at timestamp,
            product_name varchar,
            product_expire timestamp,
        )
    , parameters: None
[2024-06-24T01:58:28.546+0000] {taskinstance.py:441} INFO - ::group::Post task execution logs
[2024-06-24T01:58:28.549+0000] {taskinstance.py:2905} ERROR - Task failed with exception
Traceback (most recent call last):
  File "/home/airflow/.local/lib/python3.12/site-packages/airflow/models/taskinstance.py", line 465, in _execute_task
    result = _execute_callable(context=context, **execute_callable_kwargs)
             ^^^^^^^^^^^^^^^^^^^^^^^^^^^^^^^^^^^^^^^^^^^^^^^^^^^^^^^^^^^^^
  File "/home/airflow/.local/lib/python3.12/site-packages/airflow/models/taskinstance.py", line 432, in _execute_callable
    return execute_callable(context=context, **execute_callable_kwargs)
           ^^^^^^^^^^^^^^^^^^^^^^^^^^^^^^^^^^^^^^^^^^^^^^^^^^^^^^^^^^^^
  File "/home/airflow/.local/lib/python3.12/site-packages/airflow/models/baseoperator.py", line 401, in wrapper
    return func(self, *args, **kwargs)
           ^^^^^^^^^^^^^^^^^^^^^^^^^^^
  File "/home/airflow/.local/lib/python3.12/site-packages/airflow/providers/common/sql/operators/sql.py", line 282, in execute
    output = hook.run(
             ^^^^^^^^^
  File "/home/airflow/.local/lib/python3.12/site-packages/airflow/providers/common/sql/hooks/sql.py", line 435, in run
    self._run_command(cur, sql_statement, parameters)
  File "/home/airflow/.local/lib/python3.12/site-packages/airflow/providers/common/sql/hooks/sql.py", line 492, in _run_command
    cur.execute(sql_statement)
psycopg2.errors.SyntaxError: syntax error at or near ")"
LINE 8:         )
                ^

[2024-06-24T01:58:28.564+0000] {taskinstance.py:1206} INFO - Marking task as UP_FOR_RETRY. dag_id=postgres_operator_1, task_id=create_table, run_id=manual__2024-06-24T01:54:45.040378+00:00, execution_date=20240624T015445, start_date=20240624T015828, end_date=20240624T015828
[2024-06-24T01:58:28.577+0000] {standard_task_runner.py:110} ERROR - Failed to execute job 17 for task create_table (syntax error at or near ")"
LINE 8:         )
                ^
; 475)
[2024-06-24T01:58:28.621+0000] {local_task_job_runner.py:240} INFO - Task exited with return code 1
[2024-06-24T01:58:28.635+0000] {warnings.py:112} WARNING - /home/***/.local/lib/python3.12/site-packages/***/models/baseoperator.py:1297: AirflowProviderDeprecationWarning: Call to deprecated class PostgresOperator. (Please use `***.providers.common.sql.operators.sql.SQLExecuteQueryOperator`.Also, you can provide `hook_params={'schema': <database>}`.)
  result = cls.__new__(cls)

[2024-06-24T01:58:28.646+0000] {taskinstance.py:3503} INFO - 0 downstream tasks scheduled from follow-on schedule check
[2024-06-24T01:58:28.651+0000] {local_task_job_runner.py:222} INFO - ::endgroup::
